<?xml version="1.0" encoding="UTF-8"?>
<!-- Generated by org.testng.reporters.JUnitReportReporter -->
<testsuite hostname="LAPTOP-LTT1TUOC" failures="0" tests="2" name="practice.homepagetest.HomePageSampleTest" time="0.018" errors="0" timestamp="2024-10-09T12:44:00 IST" skipped="0">
  <testcase classname="practice.homepagetest.HomePageSampleTest" name="verifyLogoHomePageTest" time="0.006">
    <system-out>
      <![CDATA[verifyLogoHomePageTest Test Start
 Test Start
 Step-1
 Step-2
 Step-3
verifyLogoHomePageTest Test End]]>
    </system-out>
  </testcase> <!-- verifyLogoHomePageTest -->
  <testcase classname="practice.homepagetest.HomePageSampleTest" name="homePageTest" time="0.012">
    <system-out>
      <![CDATA[homePageTest Test Start
 Test Start
 Step-1
 Step-2
 Step-3
homePageTest Test End]]>
    </system-out>
  </testcase> <!-- homePageTest -->
  <system-out>
    <![CDATA[homePageTest Test Start
 Test Start
 Step-1
 Step-2
 Step-3
homePageTest Test End
verifyLogoHomePageTest Test Start
 Test Start
 Step-1
 Step-2
 Step-3
verifyLogoHomePageTest Test End]]>
  </system-out>
</testsuite> <!-- practice.homepagetest.HomePageSampleTest -->
