<?xml version="1.0" encoding="UTF-8"?>
<!-- Generated by org.testng.reporters.JUnitReportReporter -->
<testsuite hostname="LAPTOP-LTT1TUOC" failures="0" tests="1" name="practiceDataDrivenTesting.ReadDataFromTestNGXmlTest" time="0.011" errors="0" timestamp="2024-10-13T18:36:54 IST" skipped="0">
  <testcase classname="practiceDataDrivenTesting.ReadDataFromTestNGXmlTest" name="sampleTest" time="0.011"/>
</testsuite> <!-- practiceDataDrivenTesting.ReadDataFromTestNGXmlTest -->
