<?xml version="1.0" encoding="UTF-8"?>
<!-- Generated by org.testng.reporters.JUnitReportReporter -->
<testsuite hostname="LAPTOP-LTT1TUOC" failures="0" tests="1" name="practiceDataDrivenTesting.DataDrivenIntegrationWithSeleniumCodeTest" time="11.479" errors="0" timestamp="2024-09-26T11:00:27 IST" skipped="0">
  <testcase classname="practiceDataDrivenTesting.DataDrivenIntegrationWithSeleniumCodeTest" name="dataDrivenTest" time="11.479"/>
</testsuite> <!-- practiceDataDrivenTesting.DataDrivenIntegrationWithSeleniumCodeTest -->
