<?xml version="1.0" encoding="UTF-8"?>
<!-- Generated by org.testng.reporters.JUnitReportReporter -->
<testsuite hostname="LAPTOP-LTT1TUOC" failures="0" tests="1" name="pomRepository.SampleTestwithPom" time="6.709" errors="0" timestamp="2024-10-04T10:35:17 IST" skipped="0">
  <testcase classname="pomRepository.SampleTestwithPom" name="sampleTest" time="6.709"/>
</testsuite> <!-- pomRepository.SampleTestwithPom -->
