<?xml version="1.0" encoding="UTF-8"?>
<!-- Generated by org.testng.reporters.JUnitReportReporter -->
<testsuite hostname="LAPTOP-LTT1TUOC" failures="0" tests="1" name="practice.testNG.sampleTest" time="0.010" errors="0" timestamp="2024-10-04T17:11:56 IST" skipped="0">
  <testcase classname="practice.testNG.sampleTest" name="test1" time="0.010"/>
</testsuite> <!-- practice.testNG.sampleTest -->
