<?xml version="1.0" encoding="UTF-8"?>
<!-- Generated by org.testng.reporters.JUnitReportReporter -->
<testsuite hostname="LAPTOP-LTT1TUOC" failures="0" tests="1" name="practiceDataDrivenTesting.SampleUnitTestCheckProjectInBackend" time="0.205" errors="0" timestamp="2024-09-27T14:55:45 IST" skipped="0">
  <testcase classname="practiceDataDrivenTesting.SampleUnitTestCheckProjectInBackend" name="projectCheckTest" time="0.205"/>
</testsuite> <!-- practiceDataDrivenTesting.SampleUnitTestCheckProjectInBackend -->
