<?xml version="1.0" encoding="UTF-8"?>
<!-- Generated by org.testng.reporters.JUnitReportReporter -->
<testsuite hostname="LAPTOP-LTT1TUOC" failures="0" tests="1" name="practice.testNG.SampleReportTest" time="12.856" errors="0" timestamp="2024-10-16T14:36:04 IST" skipped="0">
  <testcase classname="practice.testNG.SampleReportTest" name="createContactTest" time="12.856"/>
</testsuite> <!-- practice.testNG.SampleReportTest -->
