<?xml version="1.0" encoding="UTF-8"?>
<!-- Generated by org.testng.reporters.JUnitReportReporter -->
<testsuite hostname="LAPTOP-LTT1TUOC" failures="0" tests="2" name="com.crm.comcast.contactTest.CreateContactTest" time="0.011" errors="0" timestamp="2024-10-07T18:00:36 IST" skipped="0">
  <testcase classname="com.crm.comcast.contactTest.CreateContactTest" name="createContactWithDate" time="0.001"/>
  <testcase classname="com.crm.comcast.contactTest.CreateContactTest" name="createContact" time="0.010"/>
</testsuite> <!-- com.crm.comcast.contactTest.CreateContactTest -->
