<?xml version="1.0" encoding="UTF-8"?>
<!-- Generated by org.testng.reporters.JUnitReportReporter -->
<testsuite hostname="LAPTOP-LTT1TUOC" failures="0" tests="3" name="practice.testNG.CreateContact_DP_Test" time="0.011" errors="0" timestamp="2024-10-07T11:09:09 IST" skipped="0">
  <testcase classname="practice.testNG.CreateContact_DP_Test" name="createContactTest" time="0.001"/>
  <testcase classname="practice.testNG.CreateContact_DP_Test" name="createContactTest" time="0.001"/>
  <testcase classname="practice.testNG.CreateContact_DP_Test" name="createContactTest" time="0.009"/>
</testsuite> <!-- practice.testNG.CreateContact_DP_Test -->
