<?xml version="1.0" encoding="UTF-8"?>
<!-- Generated by org.testng.reporters.JUnitReportReporter -->
<testsuite hostname="LAPTOP-LTT1TUOC" failures="0" tests="2" name="com.pac1.CreateContactTest" time="0.012" errors="0" timestamp="2024-10-07T15:50:49 IST" skipped="0">
  <testcase classname="com.pac1.CreateContactTest" name="createContact" time="0.008"/>
  <testcase classname="com.pac1.CreateContactTest" name="createContactWithDate" time="0.004"/>
</testsuite> <!-- com.pac1.CreateContactTest -->
