<?xml version="1.0" encoding="UTF-8"?>
<!-- Generated by org.testng.reporters.JUnitReportReporter -->
<testsuite hostname="LAPTOP-LTT1TUOC" failures="0" tests="1" name="practice.testNG.SampleTestForScreenshot" time="4.262" errors="0" timestamp="2024-10-09T13:33:26 IST" skipped="0">
  <testcase classname="practice.testNG.SampleTestForScreenshot" name="amazonTest" time="4.262"/>
</testsuite> <!-- practice.testNG.SampleTestForScreenshot -->
