<?xml version="1.0" encoding="UTF-8"?>
<!-- Generated by org.testng.reporters.JUnitReportReporter -->
<testsuite hostname="LAPTOP-LTT1TUOC" failures="0" tests="3" name="practice.testNG.CreateContact_DP_Test2" time="0.009" errors="0" timestamp="2024-10-07T11:13:23 IST" skipped="0">
  <testcase classname="practice.testNG.CreateContact_DP_Test2" name="createContactTest" time="0.000"/>
  <testcase classname="practice.testNG.CreateContact_DP_Test2" name="createContactTest" time="0.009"/>
  <testcase classname="practice.testNG.CreateContact_DP_Test2" name="createContactTest" time="0.000"/>
</testsuite> <!-- practice.testNG.CreateContact_DP_Test2 -->
