<?xml version="1.0" encoding="UTF-8"?>
<!-- Generated by org.testng.reporters.JUnitReportReporter -->
<testsuite hostname="LAPTOP-LTT1TUOC" failures="0" tests="5" name="testNg.Priority" time="0.036" errors="0" timestamp="13 Jun 2024 13:15:29 GMT" skipped="0">
  <testcase classname="testNg.Priority" name="register" time="0.025"/>
  <testcase classname="testNg.Priority" name="login" time="0.003"/>
  <testcase classname="testNg.Priority" name="addProduct" time="0.003"/>
  <testcase classname="testNg.Priority" name="payment" time="0.003"/>
  <testcase classname="testNg.Priority" name="logout" time="0.002"/>
</testsuite> <!-- testNg.Priority -->
