<?xml version="1.0" encoding="UTF-8"?>
<!-- Generated by org.testng.reporters.JUnitReportReporter -->
<testsuite hostname="LAPTOP-LTT1TUOC" failures="0" tests="1" name="Testng_features.Assertions" time="6.187" errors="0" timestamp="23 Sept 2024 07:03:11 GMT" skipped="0">
  <testcase classname="Testng_features.Assertions" name="DemoWebPage" time="6.187"/>
</testsuite> <!-- Testng_features.Assertions -->
