<?xml version="1.0" encoding="UTF-8"?>
<!-- Generated by org.testng.reporters.JUnitReportReporter -->
<testsuite hostname="LAPTOP-LTT1TUOC" failures="0" tests="2" name="Testng_features.working_with_include" time="0.012" errors="0" timestamp="23 Sept 2024 05:43:00 GMT" skipped="0">
  <testcase classname="Testng_features.working_with_include" name="SearchTest" time="0.011"/>
  <testcase classname="Testng_features.working_with_include" name="RegisterTest" time="0.001"/>
</testsuite> <!-- Testng_features.working_with_include -->
