<?xml version="1.0" encoding="UTF-8"?>
<!-- Generated by org.testng.reporters.JUnitReportReporter -->
<testsuite hostname="LAPTOP-LTT1TUOC" failures="0" tests="2" name="testNg.Assertion" time="0.022" errors="0" timestamp="18 Jul 2024 16:50:59 GMT" skipped="0">
  <testcase classname="testNg.Assertion" name="test" time="0.003"/>
  <testcase classname="testNg.Assertion" name="demo" time="0.019"/>
</testsuite> <!-- testNg.Assertion -->
