<?xml version="1.0" encoding="UTF-8"?>
<!-- Generated by org.testng.reporters.JUnitReportReporter -->
<testsuite hostname="LAPTOP-LTT1TUOC" failures="0" tests="1" name="Testng_features.working_with_parameters" time="6.616" errors="0" timestamp="23 Sept 2024 06:30:46 GMT" skipped="0">
  <testcase classname="Testng_features.working_with_parameters" name="SearchTest" time="6.616"/>
</testsuite> <!-- Testng_features.working_with_parameters -->
