<?xml version="1.0" encoding="UTF-8"?>
<!-- Generated by org.testng.reporters.JUnitReportReporter -->
<testsuite hostname="LAPTOP-LTT1TUOC" failures="0" tests="4" name="Testng_features.AttributesDependsOnMethod" time="0.024" errors="0" timestamp="20 Sept 2024 12:23:24 GMT" skipped="0">
  <testcase classname="Testng_features.AttributesDependsOnMethod" name="SearchTest" time="0.003"/>
  <testcase classname="Testng_features.AttributesDependsOnMethod" name="RegisterTest" time="0.018"/>
  <testcase classname="Testng_features.AttributesDependsOnMethod" name="LoginTest" time="0.002"/>
  <testcase classname="Testng_features.AttributesDependsOnMethod" name="SubscribeTest" time="0.001"/>
</testsuite> <!-- Testng_features.AttributesDependsOnMethod -->
