<?xml version="1.0" encoding="UTF-8"?>
<!-- Generated by org.testng.reporters.JUnitReportReporter -->
<testsuite hostname="LAPTOP-LTT1TUOC" failures="0" tests="3" name="Testng_features.working_with_DataProvider" time="0.009" errors="0" timestamp="23 Sept 2024 07:33:52 GMT" skipped="0">
  <testcase classname="Testng_features.working_with_DataProvider" name="TC1" time="0.001"/>
  <testcase classname="Testng_features.working_with_DataProvider" name="TC1" time="0.001"/>
  <testcase classname="Testng_features.working_with_DataProvider" name="TC1" time="0.007"/>
</testsuite> <!-- Testng_features.working_with_DataProvider -->
