<?xml version="1.0" encoding="UTF-8"?>
<!-- Generated by org.testng.reporters.JUnitReportReporter -->
<testsuite hostname="LAPTOP-LTT1TUOC" failures="0" tests="3" name="Testng_features.AttributesGroup" time="18.487" errors="0" timestamp="20 Sept 2024 12:32:12 GMT" skipped="0">
  <testcase classname="Testng_features.AttributesGroup" name="TC1" time="5.999"/>
  <testcase classname="Testng_features.AttributesGroup" name="TC1" time="6.492"/>
  <testcase classname="Testng_features.AttributesGroup" name="TC1" time="5.996"/>
</testsuite> <!-- Testng_features.AttributesGroup -->
