<?xml version="1.0" encoding="UTF-8"?>
<!-- Generated by org.testng.reporters.JUnitReportReporter -->
<testsuite hostname="LAPTOP-LTT1TUOC" failures="0" tests="7" name="testNg.InnvocationCount" time="0.024" errors="0" timestamp="30 Apr 2024 09:20:13 GMT" skipped="0">
  <testcase classname="testNg.InnvocationCount" name="register" time="0.015"/>
  <testcase classname="testNg.InnvocationCount" name="login" time="0.002"/>
  <testcase classname="testNg.InnvocationCount" name="addProduct" time="0.001"/>
  <testcase classname="testNg.InnvocationCount" name="addProduct" time="0.002"/>
  <testcase classname="testNg.InnvocationCount" name="addProduct" time="0.001"/>
  <testcase classname="testNg.InnvocationCount" name="payment" time="0.001"/>
  <testcase classname="testNg.InnvocationCount" name="logout" time="0.002"/>
</testsuite> <!-- testNg.InnvocationCount -->
