<?xml version="1.0" encoding="UTF-8"?>
<!-- Generated by org.testng.reporters.JUnitReportReporter -->
<testsuite hostname="LAPTOP-LTT1TUOC" failures="0" tests="1" name="Testng_features.working_with_exclude" time="0.014" errors="0" timestamp="23 Sept 2024 05:53:01 GMT" skipped="0">
  <testcase classname="Testng_features.working_with_exclude" name="SearchTest" time="0.014"/>
</testsuite> <!-- Testng_features.working_with_exclude -->
