<?xml version="1.0" encoding="UTF-8"?>
<!-- Generated by org.testng.reporters.JUnitReportReporter -->
<testsuite hostname="LAPTOP-LTT1TUOC" failures="0" tests="1" name="Testng_features.working_with_include1" time="0.002" errors="0" timestamp="23 Sept 2024 05:43:00 GMT" skipped="0">
  <testcase classname="Testng_features.working_with_include1" name="VoteTest" time="0.002"/>
</testsuite> <!-- Testng_features.working_with_include1 -->
