<?xml version="1.0" encoding="UTF-8"?>
<!-- Generated by org.testng.reporters.JUnitReportReporter -->
<testsuite hostname="LAPTOP-LTT1TUOC" failures="0" tests="3" name="Testng_features.TC3" time="0.026" errors="0" timestamp="23 Sept 2024 07:53:18 GMT" skipped="0">
  <testcase classname="Testng_features.TC3" name="Tc3" time="0.003"/>
  <testcase classname="Testng_features.TC3" name="Tc3" time="0.002"/>
  <testcase classname="Testng_features.TC3" name="Tc3" time="0.021"/>
</testsuite> <!-- Testng_features.TC3 -->
