<?xml version="1.0" encoding="UTF-8"?>
<!-- Generated by org.testng.reporters.JUnitReportReporter -->
<testsuite hostname="LAPTOP-LTT1TUOC" failures="0" tests="3" name="genericUtils.BaseClass" time="0.010" errors="0" timestamp="18 Jul 2024 15:56:56 GMT" skipped="0">
  <testcase classname="genericUtils.BaseClass" name="test3" time="0.003"/>
  <testcase classname="genericUtils.BaseClass" name="test1" time="0.006"/>
  <testcase classname="genericUtils.BaseClass" name="test2" time="0.001"/>
</testsuite> <!-- genericUtils.BaseClass -->
