<?xml version="1.0" encoding="UTF-8"?>
<!-- Generated by org.testng.reporters.JUnitReportReporter -->
<testsuite hostname="LAPTOP-LTT1TUOC" failures="0" tests="5" name="testNg.DependsOnMethod" time="0.013" errors="0" timestamp="30 Apr 2024 09:30:10 GMT" skipped="0">
  <testcase classname="testNg.DependsOnMethod" name="register" time="0.008"/>
  <testcase classname="testNg.DependsOnMethod" name="login" time="0.001"/>
  <testcase classname="testNg.DependsOnMethod" name="addProduct" time="0.001"/>
  <testcase classname="testNg.DependsOnMethod" name="payment" time="0.002"/>
  <testcase classname="testNg.DependsOnMethod" name="logout" time="0.001"/>
</testsuite> <!-- testNg.DependsOnMethod -->
