<?xml version="1.0" encoding="UTF-8"?>
<!-- Generated by org.testng.reporters.JUnitReportReporter -->
<testsuite hostname="LAPTOP-LTT1TUOC" failures="0" tests="2" name="testNg.CrossBrowser" time="37.119" errors="0" timestamp="18 Jul 2024 16:42:48 GMT" skipped="0">
  <testcase classname="testNg.CrossBrowser" name="googleTest" time="19.937"/>
  <testcase classname="testNg.CrossBrowser" name="googleTest" time="17.182"/>
</testsuite> <!-- testNg.CrossBrowser -->
