<?xml version="1.0" encoding="UTF-8"?>
<!-- Generated by org.testng.reporters.JUnitReportReporter -->
<testsuite hostname="LAPTOP-LTT1TUOC" failures="0" tests="2" name="Testng_features.working_with_dataProvider1" time="14.163" errors="0" timestamp="23 Sept 2024 07:47:27 GMT" skipped="0">
  <testcase classname="Testng_features.working_with_dataProvider1" name="searchTest" time="7.843"/>
  <testcase classname="Testng_features.working_with_dataProvider1" name="searchTest" time="6.320"/>
</testsuite> <!-- Testng_features.working_with_dataProvider1 -->
