<?xml version="1.0" encoding="UTF-8"?>
<!-- Generated by org.testng.reporters.JUnitReportReporter -->
<testsuite hostname="LAPTOP-LTT1TUOC" failures="0" tests="1" name="TestCases.subscribeTest" time="4.952" errors="0" timestamp="20 Sept 2024 11:38:15 GMT" skipped="0">
  <testcase classname="TestCases.subscribeTest" name="subscribetest" time="4.952"/>
</testsuite> <!-- TestCases.subscribeTest -->
