<?xml version="1.0" encoding="UTF-8"?>
<!-- Generated by org.testng.reporters.JUnitReportReporter -->
<testsuite hostname="LAPTOP-LTT1TUOC" failures="0" tests="4" name="Testng_features.sampleTest" time="0.014" errors="0" timestamp="20 Sept 2024 11:03:26 GMT" skipped="0">
  <testcase classname="Testng_features.sampleTest" name="RegisterTest" time="0.001"/>
  <testcase classname="Testng_features.sampleTest" name="Demo" time="0.009"/>
  <testcase classname="Testng_features.sampleTest" name="LoginTest" time="0.002"/>
  <testcase classname="Testng_features.sampleTest" name="SearchTest" time="0.002"/>
</testsuite> <!-- Testng_features.sampleTest -->
