<?xml version="1.0" encoding="UTF-8"?>
<!-- Generated by org.testng.reporters.JUnitReportReporter -->
<testsuite hostname="LAPTOP-LTT1TUOC" failures="0" tests="5" name="testNg.Disable" time="0.021" errors="0" timestamp="30 Apr 2024 09:19:00 GMT" skipped="1">
  <testcase classname="testNg.Disable" name="register" time="0.017"/>
  <testcase classname="testNg.Disable" name="login" time="0.002"/>
  <testcase classname="testNg.Disable" name="addProduct" time="0.001"/>
  <testcase classname="testNg.Disable" name="logout" time="0.001"/>
  <testcase classname="testNg.Disable" name="payment">
    <skipped/>
  </testcase> <!-- payment -->
</testsuite> <!-- testNg.Disable -->
