<?xml version="1.0" encoding="UTF-8"?>
<!-- Generated by org.testng.reporters.JUnitReportReporter -->
<testsuite hostname="LAPTOP-LTT1TUOC" failures="0" tests="4" name="Testng_features.HelperAttributes" time="0.014" errors="0" timestamp="20 Sept 2024 12:13:26 GMT" skipped="0">
  <testcase classname="Testng_features.HelperAttributes" name="RegisterTest" time="0.009"/>
  <testcase classname="Testng_features.HelperAttributes" name="LoginTest" time="0.000"/>
  <testcase classname="Testng_features.HelperAttributes" name="SearchTest" time="0.003"/>
  <testcase classname="Testng_features.HelperAttributes" name="SubscribeTest" time="0.002"/>
</testsuite> <!-- Testng_features.HelperAttributes -->
