<?xml version="1.0" encoding="UTF-8"?>
<!-- Generated by org.testng.reporters.JUnitReportReporter -->
<testsuite hostname="LAPTOP-LTT1TUOC" failures="0" tests="2" name="TestCases.TC1" time="3.150" errors="0" timestamp="23 Sept 2024 05:19:08 GMT" skipped="0">
  <testcase classname="TestCases.TC1" name="subscribetestcases" time="0.133"/>
  <testcase classname="TestCases.TC1" name="seachtestcases" time="3.017"/>
</testsuite> <!-- TestCases.TC1 -->
