<?xml version="1.0" encoding="UTF-8"?>
<!-- Generated by org.testng.reporters.JUnitReportReporter -->
<testsuite hostname="LAPTOP-LTT1TUOC" failures="0" tests="2" name="Testng_features.ConfigurationAnnotation" time="0.013" errors="0" timestamp="23 Sept 2024 05:05:35 GMT" skipped="0">
  <testcase classname="Testng_features.ConfigurationAnnotation" name="TC1" time="0.010"/>
  <testcase classname="Testng_features.ConfigurationAnnotation" name="TC2" time="0.003"/>
</testsuite> <!-- Testng_features.ConfigurationAnnotation -->
