<?xml version="1.0" encoding="UTF-8"?>
<!-- Generated by org.testng.reporters.JUnitReportReporter -->
<testsuite hostname="LAPTOP-LTT1TUOC" failures="0" tests="2" name="Testng_features.working_with_Groups1" time="0.006" errors="0" timestamp="23 Sept 2024 05:29:30 GMT" skipped="0">
  <testcase classname="Testng_features.working_with_Groups1" name="AddToCart" time="0.004"/>
  <testcase classname="Testng_features.working_with_Groups1" name="SubscribeTest" time="0.002"/>
</testsuite> <!-- Testng_features.working_with_Groups1 -->
