<?xml version="1.0" encoding="UTF-8"?>
<!-- Generated by org.testng.reporters.JUnitReportReporter -->
<testsuite hostname="LAPTOP-LTT1TUOC" failures="0" tests="1" name="testNg.InstagramTest" time="10.584" errors="0" timestamp="18 Jul 2024 16:38:00 GMT" skipped="0">
  <testcase classname="testNg.InstagramTest" name="instagramTest" time="10.584"/>
</testsuite> <!-- testNg.InstagramTest -->
